{
  "RSpec": {
    "coverage": {
      "/Users/campuscode08/workspace/vendas-locaweb/vendas-locaweb/spec/features/seller_search_customer_spec.rb": [
        1,
        null,
        1,
        1,
        1,
        1,
        null,
        1,
        1,
        1,
        1,
        null,
        1,
        1,
        1,
        null,
        1,
        1,
        null,
        1,
        1,
        null,
        1,
        1,
        null,
        1,
        1,
        null,
        1,
        1,
        1,
        null,
        1,
        1,
        1,
        1,
        null,
        1,
        1,
        1,
        null,
        1,
        1,
        1,
        null,
        1,
        1,
        1,
        1,
        null,
        1,
        1,
        1,
        null,
        null
      ],
      "/Users/campuscode08/workspace/vendas-locaweb/vendas-locaweb/spec/features/user_view_orders_spec.rb": [
        1,
        null,
        1,
        1,
        1,
        1,
        1,
        null,
        1,
        null,
        1,
        null,
        1,
        null,
        1,
        null,
        null,
        1,
        1,
        1,
        1,
        null,
        1,
        null,
        1,
        null,
        1,
        null,
        1,
        null,
        null,
        1,
        1,
        1,
        1,
        null,
        1,
        null,
        1,
        null,
        1,
        null,
        null
      ],
      "/Users/campuscode08/workspace/vendas-locaweb/vendas-locaweb/app/controllers/home_controller.rb": [
        1,
        1,
        null,
        1,
        null
      ],
      "/Users/campuscode08/workspace/vendas-locaweb/vendas-locaweb/app/controllers/application_controller.rb": [
        1,
        1,
        null
      ],
      "/Users/campuscode08/workspace/vendas-locaweb/vendas-locaweb/app/controllers/customers_controller.rb": [
        1,
        1,
        2,
        null,
        null,
        1,
        2,
        2,
        null,
        null,
        1,
        2,
        null,
        null,
        1,
        4,
        4,
        null,
        null,
        4,
        null,
        null,
        1,
        null,
        1,
        2,
        null,
        null,
        null,
        null
      ],
      "/Users/campuscode08/workspace/vendas-locaweb/vendas-locaweb/app/models/customer.rb": [
        1,
        null
      ],
      "/Users/campuscode08/workspace/vendas-locaweb/vendas-locaweb/app/models/order.rb": [
        1,
        1,
        null
      ],
      "/Users/campuscode08/workspace/vendas-locaweb/vendas-locaweb/app/controllers/orders_controller.rb": [
        1,
        1,
        2,
        null,
        null
      ]
    },
    "timestamp": 1517413144
  }
}
