{
  "RSpec": {
    "coverage": {
      "/Users/campuscode02/workspace/vendas/spec/features/seller_create_customer_spec.rb": [
        1,
        null,
        1,
        1,
        1,
        null,
        1,
        1,
        null,
        1,
        null,
        1,
        1,
        1,
        1,
        1,
        1,
        null,
        1,
        null,
        1,
        1,
        1,
        1,
        1,
        null,
        1,
        1,
        null,
        1,
        1,
        1,
        null,
        1,
        1,
        1,
        1,
        1,
        1,
        1,
        null,
        1,
        1,
        1,
        1,
        1,
        1,
        null,
        null
      ],
      "/Users/campuscode02/workspace/vendas/spec/features/seller_view_your_orders_spec.rb": [
        1,
        null,
        1,
        1,
        1,
        1,
        1,
        1,
        1,
        null,
        1,
        null,
        1,
        null,
        1,
        null,
        1,
        1,
        null,
        null,
        1,
        1,
        1,
        1,
        1,
        1,
        1,
        null,
        1,
        null,
        1,
        null,
        1,
        null,
        1,
        1,
        1,
        null,
        null
      ],
      "/Users/campuscode02/workspace/vendas/app/models/customer.rb": [
        1,
        1,
        null
      ],
      "/Users/campuscode02/workspace/vendas/app/models/order.rb": [
        1,
        1,
        1,
        null
      ],
      "/Users/campuscode02/workspace/vendas/app/controllers/home_controller.rb": [
        1,
        1,
        null,
        1,
        null
      ],
      "/Users/campuscode02/workspace/vendas/app/controllers/application_controller.rb": [
        1,
        1,
        null
      ],
      "/Users/campuscode02/workspace/vendas/app/controllers/orders_controller.rb": [
        1,
        1,
        5,
        3,
        null,
        2,
        null,
        null,
        null
      ],
      "/Users/campuscode02/workspace/vendas/app/controllers/customers_controller.rb": [
        1,
        1,
        2,
        null,
        null,
        1,
        2,
        2,
        null,
        null,
        1,
        2,
        null,
        null,
        1,
        null,
        1,
        2,
        null,
        null,
        null,
        null
      ]
    },
    "timestamp": 1517417802
  }
}
